e:\_workshop\_2d\poomarin_warin_asteroids_assignment\blit3dv3\x64\debug\vc143.pdb
e:\_workshop\_2d\poomarin_warin_asteroids_assignment\blit3dv3\x64\debug\vc143.idb
e:\_workshop\_2d\poomarin_warin_asteroids_assignment\blit3dv3\x64\debug\ship.obj
e:\_workshop\_2d\poomarin_warin_asteroids_assignment\blit3dv3\x64\debug\main.obj
e:\_workshop\_2d\poomarin_warin_asteroids_assignment\blit3dv3\x64\debug\texturemanager.obj
e:\_workshop\_2d\poomarin_warin_asteroids_assignment\blit3dv3\x64\debug\sprite.obj
e:\_workshop\_2d\poomarin_warin_asteroids_assignment\blit3dv3\x64\debug\shadermanager.obj
e:\_workshop\_2d\poomarin_warin_asteroids_assignment\blit3dv3\x64\debug\renderbuffer.obj
e:\_workshop\_2d\poomarin_warin_asteroids_assignment\blit3dv3\x64\debug\logger.obj
e:\_workshop\_2d\poomarin_warin_asteroids_assignment\blit3dv3\x64\debug\glutils.obj
e:\_workshop\_2d\poomarin_warin_asteroids_assignment\blit3dv3\x64\debug\glslprogram.obj
e:\_workshop\_2d\poomarin_warin_asteroids_assignment\blit3dv3\x64\debug\byteswap.obj
e:\_workshop\_2d\poomarin_warin_asteroids_assignment\blit3dv3\x64\debug\blit3d.obj
e:\_workshop\_2d\poomarin_warin_asteroids_assignment\blit3dv3\x64\debug\bfont.obj
e:\_workshop\_2d\poomarin_warin_asteroids_assignment\blit3dv3\x64\debug\angelcodefont.obj
e:\_workshop\_2d\poomarin_warin_asteroids_assignment\blit3dv3\x64\debug\window.obj
e:\_workshop\_2d\poomarin_warin_asteroids_assignment\blit3dv3\x64\debug\win32_window.obj
e:\_workshop\_2d\poomarin_warin_asteroids_assignment\blit3dv3\x64\debug\win32_tls.obj
e:\_workshop\_2d\poomarin_warin_asteroids_assignment\blit3dv3\x64\debug\win32_time.obj
e:\_workshop\_2d\poomarin_warin_asteroids_assignment\blit3dv3\x64\debug\win32_monitor.obj
e:\_workshop\_2d\poomarin_warin_asteroids_assignment\blit3dv3\x64\debug\win32_joystick.obj
e:\_workshop\_2d\poomarin_warin_asteroids_assignment\blit3dv3\x64\debug\win32_init.obj
e:\_workshop\_2d\poomarin_warin_asteroids_assignment\blit3dv3\x64\debug\wgl_context.obj
e:\_workshop\_2d\poomarin_warin_asteroids_assignment\blit3dv3\x64\debug\vulkan.obj
e:\_workshop\_2d\poomarin_warin_asteroids_assignment\blit3dv3\x64\debug\monitor.obj
e:\_workshop\_2d\poomarin_warin_asteroids_assignment\blit3dv3\x64\debug\input.obj
e:\_workshop\_2d\poomarin_warin_asteroids_assignment\blit3dv3\x64\debug\init.obj
e:\_workshop\_2d\poomarin_warin_asteroids_assignment\blit3dv3\x64\debug\egl_context.obj
e:\_workshop\_2d\poomarin_warin_asteroids_assignment\blit3dv3\x64\debug\context.obj
e:\_workshop\_2d\poomarin_warin_asteroids_assignment\blit3dv3\x64\debug\glew.obj
e:\_workshop\_2d\poomarin_warin_final_project\blit3dv3\x64\debug\vc143.pdb
e:\_workshop\_2d\poomarin_warin_final_project\blit3dv3\x64\debug\vc143.idb
e:\_workshop\_2d\poomarin_warin_final_project\blit3dv3\x64\debug\unit.obj
e:\_workshop\_2d\poomarin_warin_final_project\blit3dv3\x64\debug\ship.obj
e:\_workshop\_2d\poomarin_warin_final_project\blit3dv3\x64\debug\main.obj
e:\_workshop\_2d\poomarin_warin_final_project\blit3dv3\x64\debug\texturemanager.obj
e:\_workshop\_2d\poomarin_warin_final_project\blit3dv3\x64\debug\sprite.obj
e:\_workshop\_2d\poomarin_warin_final_project\blit3dv3\x64\debug\shadermanager.obj
e:\_workshop\_2d\poomarin_warin_final_project\blit3dv3\x64\debug\renderbuffer.obj
e:\_workshop\_2d\poomarin_warin_final_project\blit3dv3\x64\debug\logger.obj
e:\_workshop\_2d\poomarin_warin_final_project\blit3dv3\x64\debug\glutils.obj
e:\_workshop\_2d\poomarin_warin_final_project\blit3dv3\x64\debug\glslprogram.obj
e:\_workshop\_2d\poomarin_warin_final_project\blit3dv3\x64\debug\byteswap.obj
e:\_workshop\_2d\poomarin_warin_final_project\blit3dv3\x64\debug\blit3d.obj
e:\_workshop\_2d\poomarin_warin_final_project\blit3dv3\x64\debug\bfont.obj
e:\_workshop\_2d\poomarin_warin_final_project\blit3dv3\x64\debug\angelcodefont.obj
e:\_workshop\_2d\poomarin_warin_final_project\blit3dv3\x64\debug\window.obj
e:\_workshop\_2d\poomarin_warin_final_project\blit3dv3\x64\debug\win32_window.obj
e:\_workshop\_2d\poomarin_warin_final_project\blit3dv3\x64\debug\win32_tls.obj
e:\_workshop\_2d\poomarin_warin_final_project\blit3dv3\x64\debug\win32_time.obj
e:\_workshop\_2d\poomarin_warin_final_project\blit3dv3\x64\debug\win32_monitor.obj
e:\_workshop\_2d\poomarin_warin_final_project\blit3dv3\x64\debug\win32_joystick.obj
e:\_workshop\_2d\poomarin_warin_final_project\blit3dv3\x64\debug\win32_init.obj
e:\_workshop\_2d\poomarin_warin_final_project\blit3dv3\x64\debug\wgl_context.obj
e:\_workshop\_2d\poomarin_warin_final_project\blit3dv3\x64\debug\vulkan.obj
e:\_workshop\_2d\poomarin_warin_final_project\blit3dv3\x64\debug\monitor.obj
e:\_workshop\_2d\poomarin_warin_final_project\blit3dv3\x64\debug\input.obj
e:\_workshop\_2d\poomarin_warin_final_project\blit3dv3\x64\debug\init.obj
e:\_workshop\_2d\poomarin_warin_final_project\blit3dv3\x64\debug\egl_context.obj
e:\_workshop\_2d\poomarin_warin_final_project\blit3dv3\x64\debug\context.obj
e:\_workshop\_2d\poomarin_warin_final_project\blit3dv3\x64\debug\glew.obj
e:\_workshop\_2d\poomarin_warin_asteroids_assignment\x64\debug\blit3dv3.exe
e:\_workshop\_2d\poomarin_warin_asteroids_assignment\blit3dv3\x64\debug\blit3dv3.ilk
e:\_workshop\_2d\poomarin_warin_asteroids_assignment\x64\debug\blit3dv3.pdb
e:\_workshop\_2d\poomarin_warin_final_project\x64\debug\blit3dv3.exe
e:\_workshop\_2d\poomarin_warin_final_project\blit3dv3\x64\debug\blit3dv3.ilk
e:\_workshop\_2d\poomarin_warin_final_project\x64\debug\blit3dv3.pdb
e:\_workshop\_2d\poomarin_warin_final_project\blit3dv3\x64\debug\blit3dv3.tlog\cl.command.1.tlog
e:\_workshop\_2d\poomarin_warin_final_project\blit3dv3\x64\debug\blit3dv3.tlog\cl.read.1.tlog
e:\_workshop\_2d\poomarin_warin_final_project\blit3dv3\x64\debug\blit3dv3.tlog\cl.write.1.tlog
e:\_workshop\_2d\poomarin_warin_final_project\blit3dv3\x64\debug\blit3dv3.tlog\link.command.1.tlog
e:\_workshop\_2d\poomarin_warin_final_project\blit3dv3\x64\debug\blit3dv3.tlog\link.read.1.tlog
e:\_workshop\_2d\poomarin_warin_final_project\blit3dv3\x64\debug\blit3dv3.tlog\link.write.1.tlog
