  AngelcodeFont.cpp
  BFont.cpp
  Blit3D.cpp
  ByteSwap.cpp
  glslprogram.cpp
  glutils.cpp
  Logger.cpp
  RenderBuffer.cpp
  ShaderManager.cpp
  Sprite.cpp
  TextureManager.cpp
  main.cpp
C:\Users\warre\Desktop\Port\DinoRun\Blit3Dv3\main.cpp(97,53): warning C4244: 'argument': conversion from 'int' to 'GLfloat', possible loss of data
C:\Users\warre\Desktop\Port\DinoRun\Blit3Dv3\main.cpp(198,20): warning C4267: 'initializing': conversion from 'size_t' to 'int', possible loss of data
  Unit.cpp
C:\Users\warre\Desktop\Port\DinoRun\Blit3Dv3\Unit.cpp(80,30): warning C4244: '=': conversion from 'double' to 'T', possible loss of data
C:\Users\warre\Desktop\Port\DinoRun\Blit3Dv3\Unit.cpp(80,30): warning C4244:         with
C:\Users\warre\Desktop\Port\DinoRun\Blit3Dv3\Unit.cpp(80,30): warning C4244:         [
C:\Users\warre\Desktop\Port\DinoRun\Blit3Dv3\Unit.cpp(80,30): warning C4244:             T=float
C:\Users\warre\Desktop\Port\DinoRun\Blit3Dv3\Unit.cpp(80,30): warning C4244:         ]
  Generating Code...
  glew.c
  context.c
C:\Users\warre\Desktop\Port\DinoRun\Blit3Dv3\Blit3DBaseFiles\GLFW\context.c(377,10): warning C4996: 'sscanf': This function or variable may be unsafe. Consider using sscanf_s instead. To disable deprecation, use _CRT_SECURE_NO_WARNINGS. See online help for details.
  egl_context.c
  init.c
  input.c
  monitor.c
  vulkan.c
  wgl_context.c
  win32_init.c
  win32_joystick.c
  win32_monitor.c
C:\Users\warre\Desktop\Port\DinoRun\Blit3Dv3\Blit3DBaseFiles\GLFW\win32_monitor.c(68,5): warning C4996: 'wcscpy': This function or variable may be unsafe. Consider using wcscpy_s instead. To disable deprecation, use _CRT_SECURE_NO_WARNINGS. See online help for details.
C:\Users\warre\Desktop\Port\DinoRun\Blit3Dv3\Blit3DBaseFiles\GLFW\win32_monitor.c(77,9): warning C4996: 'wcscpy': This function or variable may be unsafe. Consider using wcscpy_s instead. To disable deprecation, use _CRT_SECURE_NO_WARNINGS. See online help for details.
  win32_time.c
  win32_tls.c
  win32_window.c
  window.c
  Generating Code...
  Blit3Dv3.vcxproj -> C:\Users\warre\Desktop\Port\DinoRun\x64\Debug\Blit3Dv3.exe
